2026-01-27 20:25:34.328 INFO 
                sid= rid= ip= method= path= status=
                user= role=
                o.h.validator.internal.util.Version - HV000001: Hibernate Validator 8.0.1.Final
2026-01-27 20:25:34.647 INFO 
                sid= rid= ip= method= path= status=
                user= role=
                com.tp.frontend.FrontEndApplication - Starting FrontEndApplication using Java 21.0.9 with PID 10684 (C:\Users\Ivo\Repos\frontEnd_ApiUsuarios\target\classes started by Ivo in C:\Users\Ivo\Repos\frontEnd_ApiUsuarios)
2026-01-27 20:25:34.650 INFO 
                sid= rid= ip= method= path= status=
                user= role=
                com.tp.frontend.FrontEndApplication - No active profile set, falling back to 1 default profile: "default"
2026-01-27 20:25:40.280 INFO 
                sid= rid= ip= method= path= status=
                user= role=
                o.s.b.w.e.tomcat.TomcatWebServer - Tomcat initialized with port 8081 (http)
2026-01-27 20:25:40.320 INFO 
                sid= rid= ip= method= path= status=
                user= role=
                o.a.coyote.http11.Http11NioProtocol - Initializing ProtocolHandler ["http-nio-8081"]
2026-01-27 20:25:40.329 INFO 
                sid= rid= ip= method= path= status=
                user= role=
                o.a.catalina.core.StandardService - Starting service [Tomcat]
2026-01-27 20:25:40.331 INFO 
                sid= rid= ip= method= path= status=
                user= role=
                o.a.catalina.core.StandardEngine - Starting Servlet engine: [Apache Tomcat/10.1.17]
2026-01-27 20:25:40.555 INFO 
                sid= rid= ip= method= path= status=
                user= role=
                o.a.c.c.C.[Tomcat].[localhost].[/] - Initializing Spring embedded WebApplicationContext
2026-01-27 20:25:40.558 INFO 
                sid= rid= ip= method= path= status=
                user= role=
                o.s.b.w.s.c.ServletWebServerApplicationContext - Root WebApplicationContext: initialization completed in 5663 ms
2026-01-27 20:25:41.326 WARN 
                sid= rid= ip= method= path= status=
                user= role=
                o.s.b.a.s.s.UserDetailsServiceAutoConfiguration - 

Using generated security password: af397b5a-d346-4e78-9751-b5d62cd5af21

This generated password is for development use only. Your security configuration must be updated before running your application in production.

2026-01-27 20:25:42.217 INFO 
                sid= rid= ip= method= path= status=
                user= role=
                o.s.s.web.DefaultSecurityFilterChain - Will secure any request with [org.springframework.security.web.session.DisableEncodeUrlFilter@2ffe243f, org.springframework.security.web.context.request.async.WebAsyncManagerIntegrationFilter@58ae402b, org.springframework.security.web.context.SecurityContextHolderFilter@57efc6fd, org.springframework.security.web.header.HeaderWriterFilter@9dada78, org.springframework.web.filter.CorsFilter@4099209b, org.springframework.security.web.authentication.logout.LogoutFilter@54336976, org.springframework.security.web.savedrequest.RequestCacheAwareFilter@76e90da5, org.springframework.security.web.servletapi.SecurityContextHolderAwareRequestFilter@4e3e11b9, org.springframework.security.web.authentication.AnonymousAuthenticationFilter@43ac0a68, org.springframework.security.web.access.ExceptionTranslationFilter@7f323b3a, org.springframework.security.web.access.intercept.AuthorizationFilter@66522ead]
2026-01-27 20:25:42.951 INFO 
                sid= rid= ip= method= path= status=
                user= role=
                o.a.coyote.http11.Http11NioProtocol - Starting ProtocolHandler ["http-nio-8081"]
2026-01-27 20:25:43.014 INFO 
                sid= rid= ip= method= path= status=
                user= role=
                o.s.b.w.e.tomcat.TomcatWebServer - Tomcat started on port 8081 (http) with context path ''
2026-01-27 20:25:43.030 INFO 
                sid= rid= ip= method= path= status=
                user= role=
                com.tp.frontend.FrontEndApplication - Started FrontEndApplication in 10.867 seconds (process running for 13.154)
2026-01-27 20:28:36.216 INFO 
                sid= rid= ip= method= path= status=
                user= role=
                o.h.validator.internal.util.Version - HV000001: Hibernate Validator 8.0.1.Final
2026-01-27 20:28:36.334 INFO 
                sid= rid= ip= method= path= status=
                user= role=
                com.tp.frontend.FrontEndApplication - Starting FrontEndApplication using Java 21.0.9 with PID 2076 (C:\Users\Ivo\Repos\frontEnd_ApiUsuarios\target\classes started by Ivo in C:\Users\Ivo\Repos\frontEnd_ApiUsuarios)
2026-01-27 20:28:36.334 INFO 
                sid= rid= ip= method= path= status=
                user= role=
                com.tp.frontend.FrontEndApplication - No active profile set, falling back to 1 default profile: "default"
2026-01-27 20:28:39.842 INFO 
                sid= rid= ip= method= path= status=
                user= role=
                o.s.b.w.e.tomcat.TomcatWebServer - Tomcat initialized with port 8081 (http)
2026-01-27 20:28:39.857 INFO 
                sid= rid= ip= method= path= status=
                user= role=
                o.a.coyote.http11.Http11NioProtocol - Initializing ProtocolHandler ["http-nio-8081"]
2026-01-27 20:28:39.873 INFO 
                sid= rid= ip= method= path= status=
                user= role=
                o.a.catalina.core.StandardService - Starting service [Tomcat]
2026-01-27 20:28:39.873 INFO 
                sid= rid= ip= method= path= status=
                user= role=
                o.a.catalina.core.StandardEngine - Starting Servlet engine: [Apache Tomcat/10.1.17]
2026-01-27 20:28:39.996 INFO 
                sid= rid= ip= method= path= status=
                user= role=
                o.a.c.c.C.[Tomcat].[localhost].[/] - Initializing Spring embedded WebApplicationContext
2026-01-27 20:28:39.996 INFO 
                sid= rid= ip= method= path= status=
                user= role=
                o.s.b.w.s.c.ServletWebServerApplicationContext - Root WebApplicationContext: initialization completed in 3487 ms
2026-01-27 20:28:40.699 WARN 
                sid= rid= ip= method= path= status=
                user= role=
                o.s.b.a.s.s.UserDetailsServiceAutoConfiguration - 

Using generated security password: 9e68556d-1788-4296-bb29-67c4d9e82855

This generated password is for development use only. Your security configuration must be updated before running your application in production.

2026-01-27 20:28:41.373 INFO 
                sid= rid= ip= method= path= status=
                user= role=
                o.s.s.web.DefaultSecurityFilterChain - Will secure any request with [org.springframework.security.web.session.DisableEncodeUrlFilter@1a464fa3, org.springframework.security.web.context.request.async.WebAsyncManagerIntegrationFilter@4215e133, org.springframework.security.web.context.SecurityContextHolderFilter@47148f3f, org.springframework.security.web.header.HeaderWriterFilter@1ff15a50, org.springframework.web.filter.CorsFilter@5ccb85d6, org.springframework.security.web.authentication.logout.LogoutFilter@6b4fc2d1, org.springframework.security.web.savedrequest.RequestCacheAwareFilter@1200458e, org.springframework.security.web.servletapi.SecurityContextHolderAwareRequestFilter@5fcd1c5f, org.springframework.security.web.authentication.AnonymousAuthenticationFilter@d88f893, org.springframework.security.web.access.ExceptionTranslationFilter@67cffead, org.springframework.security.web.access.intercept.AuthorizationFilter@3e3cd6fe]
2026-01-27 20:28:41.881 INFO 
                sid= rid= ip= method= path= status=
                user= role=
                o.a.coyote.http11.Http11NioProtocol - Starting ProtocolHandler ["http-nio-8081"]
2026-01-27 20:28:41.936 INFO 
                sid= rid= ip= method= path= status=
                user= role=
                o.s.b.w.e.tomcat.TomcatWebServer - Tomcat started on port 8081 (http) with context path ''
2026-01-27 20:28:41.955 INFO 
                sid= rid= ip= method= path= status=
                user= role=
                com.tp.frontend.FrontEndApplication - Started FrontEndApplication in 7.315 seconds (process running for 8.725)
2026-01-27 20:28:52.608 INFO 
                sid= rid= ip= method= path= status=
                user= role=
                o.a.c.c.C.[Tomcat].[localhost].[/] - Initializing Spring DispatcherServlet 'dispatcherServlet'
2026-01-27 20:28:52.608 INFO 
                sid= rid= ip= method= path= status=
                user= role=
                o.s.web.servlet.DispatcherServlet - Initializing Servlet 'dispatcherServlet'
2026-01-27 20:28:52.608 INFO 
                sid= rid= ip= method= path= status=
                user= role=
                o.s.web.servlet.DispatcherServlet - Completed initialization in 0 ms
2026-01-27 20:29:03.077 INFO 
                sid=- rid=6076f14b ip=0:0:0:0:0:0:0:1 method=POST path=/do-login status=
                user=admin role=-
                c.t.f.controller.AuthController - Intento de login user=admin passwordLength=9
2026-01-27 20:29:03.129 DEBUG
                sid=- rid=6076f14b ip=0:0:0:0:0:0:0:1 method=POST path=/do-login status=
                user=admin role=-
                o.s.web.client.RestTemplate - HTTP POST http://10.33.0.86:8080/api/auth/login
2026-01-27 20:29:03.277 DEBUG
                sid=- rid=6076f14b ip=0:0:0:0:0:0:0:1 method=POST path=/do-login status=
                user=admin role=-
                o.s.web.client.RestTemplate - Accept=[application/json, application/*+json]
2026-01-27 20:29:03.332 DEBUG
                sid=- rid=6076f14b ip=0:0:0:0:0:0:0:1 method=POST path=/do-login status=
                user=admin role=-
                o.s.web.client.RestTemplate - Writing [com.tp.frontend.dto.Login.LoginRequest@1857f3a0] as "application/json"
2026-01-27 20:29:04.749 DEBUG
                sid=- rid=6076f14b ip=0:0:0:0:0:0:0:1 method=POST path=/do-login status=
                user=admin role=-
                o.s.web.client.RestTemplate - Response 200 OK
2026-01-27 20:29:04.753 DEBUG
                sid=- rid=6076f14b ip=0:0:0:0:0:0:0:1 method=POST path=/do-login status=
                user=admin role=-
                o.s.web.client.RestTemplate - Reading to [com.tp.frontend.dto.Login.LoginResponse]
2026-01-27 20:29:04.800 DEBUG
                sid=- rid=6076f14b ip=0:0:0:0:0:0:0:1 method=POST path=/do-login status=
                user=admin role=-
                o.s.web.client.RestTemplate - HTTP GET http://10.33.0.86:8080/api/auth/me
2026-01-27 20:29:04.802 DEBUG
                sid=- rid=6076f14b ip=0:0:0:0:0:0:0:1 method=POST path=/do-login status=
                user=admin role=-
                o.s.web.client.RestTemplate - Accept=[application/json, application/*+json]
2026-01-27 20:29:04.846 DEBUG
                sid=- rid=6076f14b ip=0:0:0:0:0:0:0:1 method=POST path=/do-login status=
                user=admin role=-
                o.s.web.client.RestTemplate - Response 200 OK
2026-01-27 20:29:04.850 DEBUG
                sid=- rid=6076f14b ip=0:0:0:0:0:0:0:1 method=POST path=/do-login status=
                user=admin role=-
                o.s.web.client.RestTemplate - Reading to [com.tp.frontend.dto.Login.MeResponse]
2026-01-27 20:29:04.850 INFO 
                sid=- rid=6076f14b ip=0:0:0:0:0:0:0:1 method=POST path=/do-login status=
                user=admin role=-
                c.t.f.controller.AuthController - Login OK user=admin role=ADMIN
2026-01-27 20:29:11.641 DEBUG
                sid=968E5E1CA9267A3A72F159F210E4659F rid=8ab8cf41 ip=0:0:0:0:0:0:0:1 method=GET path=/jueces status=
                user=admin role=ADMIN
                o.s.web.client.RestTemplate - HTTP GET http://10.33.0.86:8080/api/jueces
2026-01-27 20:29:11.658 DEBUG
                sid=968E5E1CA9267A3A72F159F210E4659F rid=8ab8cf41 ip=0:0:0:0:0:0:0:1 method=GET path=/jueces status=
                user=admin role=ADMIN
                o.s.web.client.RestTemplate - Accept=[application/json, application/*+json]
2026-01-27 20:29:13.113 DEBUG
                sid=968E5E1CA9267A3A72F159F210E4659F rid=8ab8cf41 ip=0:0:0:0:0:0:0:1 method=GET path=/jueces status=
                user=admin role=ADMIN
                o.s.web.client.RestTemplate - Response 200 OK
2026-01-27 20:29:13.115 DEBUG
                sid=968E5E1CA9267A3A72F159F210E4659F rid=8ab8cf41 ip=0:0:0:0:0:0:0:1 method=GET path=/jueces status=
                user=admin role=ADMIN
                o.s.web.client.RestTemplate - Reading to [java.util.List<com.tp.frontend.dto.Juez.JuezResponse>]
2026-01-27 20:29:29.908 DEBUG
                sid=968E5E1CA9267A3A72F159F210E4659F rid=abc0912d ip=0:0:0:0:0:0:0:1 method=POST path=/jueces status=
                user=admin role=ADMIN
                o.s.web.client.RestTemplate - HTTP POST http://10.33.0.86:8080/api/jueces
2026-01-27 20:29:29.908 DEBUG
                sid=968E5E1CA9267A3A72F159F210E4659F rid=abc0912d ip=0:0:0:0:0:0:0:1 method=POST path=/jueces status=
                user=admin role=ADMIN
                o.s.web.client.RestTemplate - Accept=[application/json, application/*+json]
2026-01-27 20:29:29.908 DEBUG
                sid=968E5E1CA9267A3A72F159F210E4659F rid=abc0912d ip=0:0:0:0:0:0:0:1 method=POST path=/jueces status=
                user=admin role=ADMIN
                o.s.web.client.RestTemplate - Writing [com.tp.frontend.dto.Juez.JuezRequest@5a35a89a] as "application/json"
2026-01-27 20:29:31.251 DEBUG
                sid=968E5E1CA9267A3A72F159F210E4659F rid=abc0912d ip=0:0:0:0:0:0:0:1 method=POST path=/jueces status=
                user=admin role=ADMIN
                o.s.web.client.RestTemplate - Response 201 CREATED
2026-01-27 20:29:31.252 DEBUG
                sid=968E5E1CA9267A3A72F159F210E4659F rid=abc0912d ip=0:0:0:0:0:0:0:1 method=POST path=/jueces status=
                user=admin role=ADMIN
                o.s.web.client.RestTemplate - Reading to [com.tp.frontend.dto.Juez.JuezResponse]
2026-01-27 20:29:31.278 DEBUG
                sid=968E5E1CA9267A3A72F159F210E4659F rid=579e5383 ip=0:0:0:0:0:0:0:1 method=GET path=/jueces status=
                user=admin role=ADMIN
                o.s.web.client.RestTemplate - HTTP GET http://10.33.0.86:8080/api/jueces
2026-01-27 20:29:31.279 DEBUG
                sid=968E5E1CA9267A3A72F159F210E4659F rid=579e5383 ip=0:0:0:0:0:0:0:1 method=GET path=/jueces status=
                user=admin role=ADMIN
                o.s.web.client.RestTemplate - Accept=[application/json, application/*+json]
2026-01-27 20:29:32.394 DEBUG
                sid=968E5E1CA9267A3A72F159F210E4659F rid=579e5383 ip=0:0:0:0:0:0:0:1 method=GET path=/jueces status=
                user=admin role=ADMIN
                o.s.web.client.RestTemplate - Response 200 OK
2026-01-27 20:29:32.394 DEBUG
                sid=968E5E1CA9267A3A72F159F210E4659F rid=579e5383 ip=0:0:0:0:0:0:0:1 method=GET path=/jueces status=
                user=admin role=ADMIN
                o.s.web.client.RestTemplate - Reading to [java.util.List<com.tp.frontend.dto.Juez.JuezResponse>]
2026-01-27 20:30:10.120 INFO 
                sid= rid= ip= method= path= status=
                user= role=
                o.a.coyote.http11.Http11NioProtocol - Stopping ProtocolHandler ["http-nio-8081"]
